<?xml version="1.0" encoding="UTF-8"?>
<!-- Generated by org.testng.reporters.JUnitReportReporter -->
<testsuite hostname="DESKTOP-DD4D3IC" name="com.parameter.ParameterTesting" tests="1" failures="0" timestamp="11 Jul 2018 09:11:02 GMT" time="0.013" errors="0">
  <testcase name="testParam" time="0.013" classname="com.parameter.ParameterTesting"/>
</testsuite> <!-- com.parameter.ParameterTesting -->
