<?xml version="1.0" encoding="UTF-8"?>
<!-- Generated by org.testng.reporters.JUnitReportReporter -->
<testsuite hostname="DESKTOP-DD4D3IC" name="com.groups.ClassGroup2" tests="2" failures="0" timestamp="11 Jul 2018 02:29:21 GMT" time="0.002" errors="0">
  <testcase name="group2" time="0.001" classname="com.groups.ClassGroup2"/>
  <testcase name="group2" time="0.001" classname="com.groups.ClassGroup2"/>
</testsuite> <!-- com.groups.ClassGroup2 -->
