<?xml version="1.0" encoding="UTF-8"?>
<!-- Generated by org.testng.reporters.JUnitReportReporter -->
<testsuite hostname="DESKTOP-DD4D3IC" name="httpClientDemo.HttpClientForPost" tests="2" failures="0" timestamp="2 Aug 2018 09:49:26 GMT" time="0.377" errors="0">
  <testcase name="getCookie" time="0.357" classname="httpClientDemo.HttpClientForPost"/>
  <testcase name="sendCookie" time="0.020" classname="httpClientDemo.HttpClientForPost"/>
</testsuite> <!-- httpClientDemo.HttpClientForPost -->
