<?xml version="1.0" encoding="UTF-8"?>
<!-- Generated by org.testng.reporters.JUnitReportReporter -->
<testsuite hostname="DESKTOP-DD4D3IC" name="httpClientDemo.httpClientGetCookie" tests="2" failures="0" timestamp="1 Aug 2018 09:05:47 GMT" time="0.323" errors="0">
  <testcase name="getCookie" time="0.297" classname="httpClientDemo.httpClientGetCookie"/>
  <testcase name="sendCookie" time="0.026" classname="httpClientDemo.httpClientGetCookie"/>
</testsuite> <!-- httpClientDemo.httpClientGetCookie -->
