<?xml version="1.0" encoding="UTF-8"?>
<!-- Generated by org.testng.reporters.JUnitReportReporter -->
<testsuite hostname="DESKTOP-DD4D3IC" name="com.groups.ClassGroup1" tests="1" failures="0" timestamp="11 Jul 2018 02:29:21 GMT" time="0.013" errors="0">
  <testcase name="group1" time="0.013" classname="com.groups.ClassGroup1"/>
</testsuite> <!-- com.groups.ClassGroup1 -->
