<?xml version="1.0" encoding="UTF-8"?>
<!-- Generated by org.testng.reporters.JUnitReportReporter -->
<testsuite hostname="DESKTOP-DD4D3IC" name="com.groups.ClassGroup1" tests="1" failures="0" timestamp="1 Aug 2018 05:17:17 GMT" time="0.016" errors="0">
  <testcase name="group1" time="0.016" classname="com.groups.ClassGroup1"/>
</testsuite> <!-- com.groups.ClassGroup1 -->
