<?xml version="1.0" encoding="UTF-8"?>
<!-- Generated by org.testng.reporters.JUnitReportReporter -->
<testsuite hostname="DESKTOP-DD4D3IC" name="com.interfaceTesting.BasicAnnotation" tests="2" failures="0" timestamp="1 Aug 2018 01:15:37 GMT" time="0.013" errors="0">
  <testcase name="testMethod" time="0.010" classname="com.interfaceTesting.BasicAnnotation"/>
  <testcase name="testMethod2" time="0.003" classname="com.interfaceTesting.BasicAnnotation"/>
</testsuite> <!-- com.interfaceTesting.BasicAnnotation -->
