<?xml version="1.0" encoding="UTF-8"?>
<!-- Generated by org.testng.reporters.JUnitReportReporter -->
<testsuite hostname="DESKTOP-DD4D3IC" name="httpClientDemo.HttpClientForGet" tests="2" failures="0" timestamp="2 Aug 2018 01:46:54 GMT" time="0.353" errors="0">
  <testcase name="getCookie" time="0.339" classname="httpClientDemo.HttpClientForGet"/>
  <testcase name="sendCookie" time="0.014" classname="httpClientDemo.HttpClientForGet"/>
</testsuite> <!-- httpClientDemo.HttpClientForGet -->
