<?xml version="1.0" encoding="UTF-8"?>
<!-- Generated by org.testng.reporters.JUnitReportReporter -->
<testsuite hostname="DESKTOP-DD4D3IC" name="com.groups.Groups" tests="2" failures="0" timestamp="10 Jul 2018 09:26:56 GMT" time="0.008" errors="0">
  <testcase name="TestGroup2" time="0.002" classname="com.groups.Groups"/>
  <testcase name="TestGroup1" time="0.006" classname="com.groups.Groups"/>
</testsuite> <!-- com.groups.Groups -->
