<?xml version="1.0" encoding="UTF-8"?>
<!-- Generated by org.testng.reporters.JUnitReportReporter -->
<testsuite hostname="DESKTOP-DD4D3IC" name="com.interfaceTesting.BasicAnnotation" tests="2" failures="0" timestamp="10 Jul 2018 07:50:02 GMT" time="0.011" errors="0">
  <testcase name="testMethod2" time="0.005" classname="com.interfaceTesting.BasicAnnotation"/>
  <testcase name="testMethod" time="0.006" classname="com.interfaceTesting.BasicAnnotation"/>
</testsuite> <!-- com.interfaceTesting.BasicAnnotation -->
