<?xml version="1.0" encoding="UTF-8"?>
<!-- Generated by org.testng.reporters.JUnitReportReporter -->
<testsuite hostname="DESKTOP-DD4D3IC" name="com.ExpectException.ExpectException" tests="1" failures="0" timestamp="11 Jul 2018 07:10:00 GMT" time="0.012" errors="0">
  <testcase name="ExpectException" time="0.012" classname="com.ExpectException.ExpectException"/>
</testsuite> <!-- com.ExpectException.ExpectException -->
