<?xml version="1.0" encoding="UTF-8"?>
<!-- Generated by org.testng.reporters.JUnitReportReporter -->
<testsuite hostname="DESKTOP-DD4D3IC" name="com.suite.PayTest" tests="1" failures="0" timestamp="10 Jul 2018 09:00:42 GMT" time="0.005" errors="0">
  <testcase name="Pay" time="0.005" classname="com.suite.PayTest"/>
</testsuite> <!-- com.suite.PayTest -->
