<?xml version="1.0" encoding="UTF-8"?>
<!-- Generated by org.testng.reporters.JUnitReportReporter -->
<testsuite hostname="DESKTOP-DD4D3IC" name="httpClientDemo.httpClientPostCookie" tests="2" failures="0" timestamp="1 Aug 2018 11:33:05 GMT" time="0.390" errors="0">
  <testcase name="sendPostCookie" time="0.015" classname="httpClientDemo.httpClientPostCookie"/>
  <testcase name="getPostCookie" time="0.375" classname="httpClientDemo.httpClientPostCookie"/>
</testsuite> <!-- httpClientDemo.httpClientPostCookie -->
